[debug] [2021-07-22T18:15:17.411Z] ----------------------------------------------------------------------
[debug] [2021-07-22T18:15:17.416Z] Command:       C:\Program Files\nodejs\node.exe C:\Users\ASUS\AppData\Roaming\npm\node_modules\firebase-tools\lib\bin\firebase.js init
[debug] [2021-07-22T18:15:17.417Z] CLI Version:   9.16.0
[debug] [2021-07-22T18:15:17.417Z] Platform:      win32
[debug] [2021-07-22T18:15:17.417Z] Node Version:  v14.16.0
[debug] [2021-07-22T18:15:17.441Z] Time:          Fri Jul 23 2021 00:15:17 GMT+0600 (Bangladesh Standard Time)
[debug] [2021-07-22T18:15:17.442Z] ----------------------------------------------------------------------
[debug] 
[debug] [2021-07-22T18:15:17.461Z] > command requires scopes: ["email","openid","https://www.googleapis.com/auth/cloudplatformprojects.readonly","https://www.googleapis.com/auth/firebase","https://www.googleapis.com/auth/cloud-platform"]
[debug] [2021-07-22T18:15:17.461Z] > authorizing via signed-in user (junaedislam96@gmail.com)
[info] 
     ######## #### ########  ######## ########     ###     ######  ########
     ##        ##  ##     ## ##       ##     ##  ##   ##  ##       ##
     ######    ##  ########  ######   ########  #########  ######  ######
     ##        ##  ##    ##  ##       ##     ## ##     ##       ## ##
     ##       #### ##     ## ######## ########  ##     ##  ######  ########

You're about to initialize a Firebase project in this directory:

  C:\web development\Projects\burj-al-arab

Before we get started, keep in mind:

  * You are currently outside your home directory

[info] 
=== Project Setup
[info] 
[info] First, let's associate this project directory with a Firebase project.
[info] You can create multiple project aliases by running firebase use --add, 
[info] but for now we'll just set up a default project.
[info] 
[debug] [2021-07-22T18:15:27.016Z] > refreshing access token with scopes: []
[debug] [2021-07-22T18:15:27.017Z] >>> HTTP REQUEST POST https://www.googleapis.com/oauth2/v3/token  
 <request body omitted>
[debug] [2021-07-22T18:15:27.682Z] <<< HTTP RESPONSE 200 {"cache-control":"no-cache, no-store, max-age=0, must-revalidate","date":"Thu, 22 Jul 2021 18:15:28 GMT","expires":"Mon, 01 Jan 1990 00:00:00 GMT","pragma":"no-cache","content-type":"application/json; charset=utf-8","vary":"X-Origin, Referer, Origin,Accept-Encoding","server":"scaffolding on HTTPServer2","x-xss-protection":"0","x-frame-options":"SAMEORIGIN","x-content-type-options":"nosniff","alt-svc":"h3=\":443\"; ma=2592000,h3-29=\":443\"; ma=2592000,h3-T051=\":443\"; ma=2592000,h3-Q050=\":443\"; ma=2592000,h3-Q046=\":443\"; ma=2592000,h3-Q043=\":443\"; ma=2592000,quic=\":443\"; ma=2592000; v=\"46,43\"","accept-ranges":"none","transfer-encoding":"chunked"}
[debug] [2021-07-22T18:15:27.702Z] >>> [apiv2][query] GET https://firebase.googleapis.com/v1beta1/projects pageSize=100
[debug] [2021-07-22T18:15:28.721Z] <<< [apiv2][status] GET https://firebase.googleapis.com/v1beta1/projects 200
[debug] [2021-07-22T18:15:28.721Z] <<< [apiv2][body] GET https://firebase.googleapis.com/v1beta1/projects [omitted]
[info] i  Using project webgenesis-burj-al-arab (Burj-Al-Arab) 
[info] 
=== Hosting:github Setup
[info] 
[info] i  Didn't detect a .git folder. Assuming C:\web development\Projects\burj-al-arab is the project root. 
[info] i  Authorizing with GitHub to upload your service account to a GitHub repository's secrets store. 
[info] 
[info] Visit this URL on this device to log in:
[info] https://github.com/login/oauth/authorize?client_id=89cf50f02ac6aaed3484&state=986092028&redirect_uri=http%3A%2F%2Flocalhost%3A9005&scope=read%3Auser%20repo%20public_repo
[info] 
[info] Waiting for authentication...
[debug] [2021-07-22T18:15:34.374Z] >>> HTTP REQUEST POST https://github.com/login/oauth/access_token  
 {"client_id":"89cf50f02ac6aaed3484","client_secret":"3330d14abc895d9a74d5f17cd7a00711fa2c5bf0","code":"11fc15689ad1a40490d8","redirect_uri":"http://localhost:9005","state":"986092028"}
[debug] [2021-07-22T18:15:35.362Z] <<< HTTP RESPONSE 200 {"server":"GitHub.com","date":"Thu, 22 Jul 2021 18:15:35 GMT","content-type":"application/json; charset=utf-8","transfer-encoding":"chunked","vary":"X-PJAX, Accept-Encoding, Accept, X-Requested-With","permissions-policy":"interest-cohort=()","etag":"W/\"60adc05a0c7537a31e660e62e90ce1fa\"","cache-control":"max-age=0, private, must-revalidate","strict-transport-security":"max-age=31536000; includeSubdomains; preload","x-frame-options":"deny","x-content-type-options":"nosniff","x-xss-protection":"0","referrer-policy":"origin-when-cross-origin, strict-origin-when-cross-origin","expect-ct":"max-age=2592000, report-uri=\"https://api.github.com/_private/browser/errors\"","content-security-policy":"default-src 'none'; base-uri 'self'; block-all-mixed-content; connect-src 'self' uploads.github.com www.githubstatus.com collector.githubapp.com api.github.com github-cloud.s3.amazonaws.com github-production-repository-file-5c1aeb.s3.amazonaws.com github-production-upload-manifest-file-7fdce7.s3.amazonaws.com github-production-user-asset-6210df.s3.amazonaws.com cdn.optimizely.com logx.optimizely.com/v1/events translator.github.com wss://alive.github.com; font-src github.githubassets.com; form-action 'self' github.com gist.github.com; frame-ancestors 'none'; frame-src render.githubusercontent.com render-temp.githubusercontent.com viewscreen.githubusercontent.com; img-src 'self' data: github.githubassets.com identicons.github.com collector.githubapp.com github-cloud.s3.amazonaws.com secured-user-images.githubusercontent.com/ *.githubusercontent.com; manifest-src 'self'; media-src 'none'; script-src github.githubassets.com; style-src 'unsafe-inline' github.githubassets.com; worker-src github.com/socket-worker-3f088aa2.js gist.github.com/socket-worker-3f088aa2.js","x-github-request-id":"0C24:387E:19E286:1B9979:60F9B5C7"}
[debug] [2021-07-22T18:15:35.379Z] >>> [apiv2][query] GET https://api.github.com/user [none]
[debug] [2021-07-22T18:15:36.280Z] <<< [apiv2][status] GET https://api.github.com/user 200
[debug] [2021-07-22T18:15:36.280Z] <<< [apiv2][body] GET https://api.github.com/user {"login":"itzJunaedRayhan","id":45425152,"node_id":"MDQ6VXNlcjQ1NDI1MTUy","avatar_url":"https://avatars.githubusercontent.com/u/45425152?v=4","gravatar_id":"","url":"https://api.github.com/users/itzJunaedRayhan","html_url":"https://github.com/itzJunaedRayhan","followers_url":"https://api.github.com/users/itzJunaedRayhan/followers","following_url":"https://api.github.com/users/itzJunaedRayhan/following{/other_user}","gists_url":"https://api.github.com/users/itzJunaedRayhan/gists{/gist_id}","starred_url":"https://api.github.com/users/itzJunaedRayhan/starred{/owner}{/repo}","subscriptions_url":"https://api.github.com/users/itzJunaedRayhan/subscriptions","organizations_url":"https://api.github.com/users/itzJunaedRayhan/orgs","repos_url":"https://api.github.com/users/itzJunaedRayhan/repos","events_url":"https://api.github.com/users/itzJunaedRayhan/events{/privacy}","received_events_url":"https://api.github.com/users/itzJunaedRayhan/received_events","type":"User","site_admin":false,"name":"Junaed Islam","company":"WebGenesis","blog":"https://drive.google.com/file/d/1EhWqzoFjIFKItMwi1WIrlSF8ov3S8IS6/view?usp=sharing","location":"Shayestaganj, Habiganj, Bangladesh","email":null,"hireable":null,"bio":"Full Stack Web Developer","twitter_username":"itzJunaedRayhan","public_repos":51,"public_gists":0,"followers":0,"following":0,"created_at":"2018-11-28T12:17:01Z","updated_at":"2021-07-02T20:05:59Z","private_gists":0,"total_private_repos":0,"owned_private_repos":0,"disk_usage":409099,"collaborators":0,"two_factor_authentication":false,"plan":{"name":"free","space":976562499,"collaborators":0,"private_repos":10000}}
[info] 
[info] +  Success! Logged into GitHub as itzJunaedRayhan 
[info] 
